{
  "RSpec": {
    "coverage": {
      "/Users/twilson.spqr/challenges/launch-breakable-toy/actioncable-dice-roller/app/models/user.rb": [
        1,
        1,
        1,
        1,
        1,
        null,
        1,
        1,
        1,
        null,
        1,
        null
      ],
      "/Users/twilson.spqr/challenges/launch-breakable-toy/actioncable-dice-roller/app/models/application_record.rb": [
        1,
        1,
        null
      ],
      "/Users/twilson.spqr/challenges/launch-breakable-toy/actioncable-dice-roller/app/helpers/application_helper.rb": [
        1,
        null
      ],
      "/Users/twilson.spqr/challenges/launch-breakable-toy/actioncable-dice-roller/app/controllers/messages_controller.rb": [
        1,
        1,
        1,
        null,
        1,
        0,
        0,
        0,
        0,
        null,
        null,
        1,
        null,
        1,
        0,
        null,
        null,
        1,
        0,
        null,
        null
      ],
      "/Users/twilson.spqr/challenges/launch-breakable-toy/actioncable-dice-roller/app/controllers/application_controller.rb": [
        1,
        1,
        null,
        1,
        null,
        1,
        1,
        1,
        null,
        null,
        null,
        1,
        null,
        1,
        59,
        null,
        null,
        1,
        59,
        59,
        40,
        40,
        null,
        null,
        null,
        null,
        null,
        null,
        null,
        null,
        null,
        null,
        null,
        1,
        21,
        21,
        21,
        null,
        null
      ],
      "/Users/twilson.spqr/challenges/launch-breakable-toy/actioncable-dice-roller/app/models/table.rb": [
        1,
        1,
        1,
        1,
        11,
        null,
        1,
        null,
        null,
        1,
        1,
        null,
        1,
        null
      ],
      "/Users/twilson.spqr/challenges/launch-breakable-toy/actioncable-dice-roller/app/models/invitation.rb": [
        1,
        1,
        1,
        null,
        1,
        1,
        1,
        null
      ],
      "/Users/twilson.spqr/challenges/launch-breakable-toy/actioncable-dice-roller/app/models/message.rb": [
        1,
        1,
        1,
        null,
        1,
        null
      ],
      "/Users/twilson.spqr/challenges/launch-breakable-toy/actioncable-dice-roller/app/models/dice_set.rb": [
        1,
        1,
        null,
        1,
        1,
        1,
        1,
        1,
        1,
        1,
        null
      ],
      "/Users/twilson.spqr/challenges/launch-breakable-toy/actioncable-dice-roller/app/controllers/tables_controller.rb": [
        1,
        1,
        1,
        null,
        null,
        1,
        10,
        7,
        null,
        null,
        null,
        1,
        3,
        null,
        null,
        1,
        1,
        null,
        null,
        null,
        1,
        3,
        3,
        null,
        3,
        3,
        2,
        4,
        2,
        null,
        2,
        1,
        null,
        null,
        null,
        null,
        null,
        1,
        1,
        1,
        null,
        null,
        1,
        3,
        null,
        null
      ],
      "/Users/twilson.spqr/challenges/launch-breakable-toy/actioncable-dice-roller/app/controllers/invitations_controller.rb": [
        1,
        1,
        1,
        null,
        1,
        4,
        4,
        null,
        null,
        1,
        1,
        1,
        1,
        null,
        null,
        1,
        0,
        0,
        null,
        null,
        1,
        null,
        1,
        5,
        null,
        null
      ],
      "/Users/twilson.spqr/challenges/launch-breakable-toy/actioncable-dice-roller/app/models/die_roll.rb": [
        1,
        1,
        1,
        null
      ],
      "/Users/twilson.spqr/challenges/launch-breakable-toy/actioncable-dice-roller/app/models/saved_roll.rb": [
        1,
        1,
        null,
        1,
        1,
        1,
        1,
        null
      ],
      "/Users/twilson.spqr/challenges/launch-breakable-toy/actioncable-dice-roller/app/controllers/players_controller.rb": [
        1,
        null,
        null,
        1,
        0,
        null,
        null,
        1,
        9,
        null,
        null
      ],
      "/Users/twilson.spqr/challenges/launch-breakable-toy/actioncable-dice-roller/app/controllers/saved_rolls_controller.rb": [
        1,
        1,
        1,
        1,
        1,
        null,
        1,
        null,
        null,
        1,
        1,
        1,
        1,
        1,
        null,
        null,
        1,
        null,
        null,
        1,
        1,
        null,
        1,
        null,
        null,
        1,
        1,
        1,
        null,
        null,
        1,
        null,
        1,
        7,
        null,
        null,
        1,
        4,
        null,
        null,
        1,
        4,
        null,
        null,
        null
      ],
      "/Users/twilson.spqr/challenges/launch-breakable-toy/actioncable-dice-roller/app/channels/application_cable/channel.rb": [
        0,
        0,
        0,
        0
      ],
      "/Users/twilson.spqr/challenges/launch-breakable-toy/actioncable-dice-roller/app/channels/application_cable/connection.rb": [
        0,
        0,
        0,
        0,
        0,
        0,
        0,
        0,
        0,
        0,
        0,
        0,
        0,
        0,
        0,
        0,
        0,
        0,
        0,
        0
      ],
      "/Users/twilson.spqr/challenges/launch-breakable-toy/actioncable-dice-roller/app/channels/tables_channel.rb": [
        0,
        0,
        0,
        0,
        0,
        0,
        0,
        0,
        0,
        0,
        0
      ],
      "/Users/twilson.spqr/challenges/launch-breakable-toy/actioncable-dice-roller/app/controllers/die_rolls_controller.rb": [
        0,
        0,
        0,
        0,
        0,
        0,
        0,
        0,
        0,
        0,
        0,
        0,
        0,
        0,
        0,
        0,
        0,
        0,
        0,
        0,
        0,
        0,
        0,
        0,
        0,
        0,
        0,
        0,
        0,
        0,
        0,
        0,
        0,
        0,
        0,
        0,
        0,
        0,
        0,
        0,
        0,
        0,
        0,
        0,
        0,
        0,
        0,
        0,
        0,
        0
      ],
      "/Users/twilson.spqr/challenges/launch-breakable-toy/actioncable-dice-roller/app/jobs/application_job.rb": [
        0,
        0
      ],
      "/Users/twilson.spqr/challenges/launch-breakable-toy/actioncable-dice-roller/app/jobs/message_relay_job.rb": [
        0,
        0,
        0,
        0,
        0,
        0,
        0,
        0,
        0,
        0
      ],
      "/Users/twilson.spqr/challenges/launch-breakable-toy/actioncable-dice-roller/app/mailers/application_mailer.rb": [
        0,
        0,
        0,
        0
      ]
    },
    "timestamp": 1506614109
  }
}
