{
  "RSpec": {
    "coverage": {
      "/Users/twilson.spqr/challenges/launch-breakable-toy/dice-roller/app/models/user.rb": [
        1,
        1,
        1,
        1,
        1,
        null,
        1,
        1,
        1,
        null,
        1,
        null
      ],
      "/Users/twilson.spqr/challenges/launch-breakable-toy/dice-roller/app/models/application_record.rb": [
        1,
        1,
        null
      ],
      "/Users/twilson.spqr/challenges/launch-breakable-toy/dice-roller/app/helpers/application_helper.rb": [
        1,
        null
      ],
      "/Users/twilson.spqr/challenges/launch-breakable-toy/dice-roller/app/controllers/messages_controller.rb": [
        1,
        1,
        1,
        null,
        1,
        0,
        0,
        0,
        0,
        null,
        null,
        1,
        null,
        1,
        0,
        null,
        null,
        1,
        0,
        null,
        null
      ],
      "/Users/twilson.spqr/challenges/launch-breakable-toy/dice-roller/app/controllers/application_controller.rb": [
        1,
        1,
        null,
        1,
        null,
        1,
        1,
        1,
        null,
        null,
        null,
        1,
        null,
        1,
        42,
        null,
        null,
        1,
        42,
        42,
        23,
        23,
        null,
        null,
        null,
        null,
        null,
        null,
        null,
        null,
        null,
        null,
        null,
        1,
        22,
        22,
        22,
        null,
        null
      ],
      "/Users/twilson.spqr/challenges/launch-breakable-toy/dice-roller/app/models/table.rb": [
        1,
        1,
        1,
        1,
        8,
        null,
        1,
        null,
        null,
        1,
        1,
        null,
        1,
        null
      ],
      "/Users/twilson.spqr/challenges/launch-breakable-toy/dice-roller/app/models/invitation.rb": [
        1,
        1,
        1,
        null,
        1,
        1,
        1,
        null
      ],
      "/Users/twilson.spqr/challenges/launch-breakable-toy/dice-roller/app/models/message.rb": [
        1,
        1,
        1,
        null,
        1,
        null
      ],
      "/Users/twilson.spqr/challenges/launch-breakable-toy/dice-roller/app/models/dice_set.rb": [
        1,
        1,
        null,
        1,
        1,
        1,
        1,
        1,
        1,
        1,
        null
      ],
      "/Users/twilson.spqr/challenges/launch-breakable-toy/dice-roller/app/controllers/tables_controller.rb": [
        1,
        1,
        1,
        null,
        null,
        1,
        10,
        null,
        null,
        1,
        3,
        null,
        null,
        1,
        1,
        null,
        null,
        null,
        1,
        3,
        3,
        null,
        3,
        3,
        2,
        4,
        2,
        null,
        2,
        1,
        null,
        null,
        null,
        null,
        null,
        1,
        1,
        1,
        null,
        null,
        1,
        3,
        null,
        null
      ],
      "/Users/twilson.spqr/challenges/launch-breakable-toy/dice-roller/app/controllers/invitations_controller.rb": [
        1,
        1,
        1,
        null,
        1,
        3,
        3,
        null,
        null,
        1,
        0,
        0,
        0,
        null,
        null,
        1,
        0,
        0,
        null,
        null,
        1,
        null,
        1,
        3,
        null,
        null
      ],
      "/Users/twilson.spqr/challenges/launch-breakable-toy/dice-roller/app/models/die_roll.rb": [
        1,
        1,
        1,
        null
      ],
      "/Users/twilson.spqr/challenges/launch-breakable-toy/dice-roller/app/channels/application_cable/channel.rb": [
        0,
        0,
        0,
        0
      ],
      "/Users/twilson.spqr/challenges/launch-breakable-toy/dice-roller/app/channels/application_cable/connection.rb": [
        0,
        0,
        0,
        0,
        0,
        0,
        0,
        0,
        0,
        0,
        0,
        0,
        0,
        0,
        0,
        0,
        0,
        0,
        0,
        0
      ],
      "/Users/twilson.spqr/challenges/launch-breakable-toy/dice-roller/app/channels/tables_channel.rb": [
        0,
        0,
        0,
        0,
        0,
        0,
        0,
        0,
        0,
        0,
        0
      ],
      "/Users/twilson.spqr/challenges/launch-breakable-toy/dice-roller/app/controllers/die_rolls_controller.rb": [
        0,
        0,
        0,
        0,
        0,
        0,
        0,
        0,
        0,
        0,
        0,
        0,
        0,
        0,
        0,
        0,
        0,
        0,
        0,
        0,
        0,
        0,
        0,
        0,
        0,
        0,
        0,
        0,
        0,
        0,
        0,
        0,
        0,
        0,
        0,
        0,
        0,
        0,
        0,
        0,
        0,
        0,
        0,
        0,
        0,
        0,
        0,
        0,
        0,
        0,
        0,
        0
      ],
      "/Users/twilson.spqr/challenges/launch-breakable-toy/dice-roller/app/controllers/users_controller.rb": [
        0,
        0,
        0,
        0,
        0,
        0,
        0,
        0,
        0,
        0
      ],
      "/Users/twilson.spqr/challenges/launch-breakable-toy/dice-roller/app/jobs/application_job.rb": [
        0,
        0
      ],
      "/Users/twilson.spqr/challenges/launch-breakable-toy/dice-roller/app/jobs/message_relay_job.rb": [
        0,
        0,
        0,
        0,
        0,
        0,
        0,
        0,
        0,
        0
      ],
      "/Users/twilson.spqr/challenges/launch-breakable-toy/dice-roller/app/mailers/application_mailer.rb": [
        0,
        0,
        0,
        0
      ],
      "/Users/twilson.spqr/challenges/launch-breakable-toy/dice-roller/app/models/saved_roll.rb": [
        0,
        0
      ]
    },
    "timestamp": 1506179008
  }
}
